gyp info it worked if it ends with ok
gyp info using node-gyp@11.0.0
gyp info using node@22.15.0 | linux | x64
gyp info find Python using Python version 3.12.4 found at "/home/me/miniconda3/envs/krypton/bin/python3"

gyp info spawn /home/me/miniconda3/envs/krypton/bin/python3
gyp info spawn args [
gyp info spawn args '/home/me/dev/js/sql/v8/node_modules/msnodesqlv8/node_modules/node-gyp/gyp/gyp_main.py',
gyp info spawn args 'binding.gyp',
gyp info spawn args '-f',
gyp info spawn args 'make',
gyp info spawn args '-I',
gyp info spawn args '/home/me/dev/js/sql/v8/node_modules/msnodesqlv8/build/config.gypi',
gyp info spawn args '-I',
gyp info spawn args '/home/me/dev/js/sql/v8/node_modules/msnodesqlv8/node_modules/node-gyp/addon.gypi',
gyp info spawn args '-I',
gyp info spawn args '/home/me/.cache/node-gyp/22.15.0/include/node/common.gypi',
gyp info spawn args '-Dlibrary=shared_library',
gyp info spawn args '-Dvisibility=default',
gyp info spawn args '-Dnode_root_dir=/home/me/.cache/node-gyp/22.15.0',
gyp info spawn args '-Dnode_gyp_dir=/home/me/dev/js/sql/v8/node_modules/msnodesqlv8/node_modules/node-gyp',
gyp info spawn args '-Dnode_lib_file=/home/me/.cache/node-gyp/22.15.0/<(target_arch)/node.lib',
gyp info spawn args '-Dmodule_root_dir=/home/me/dev/js/sql/v8/node_modules/msnodesqlv8',
gyp info spawn args '-Dnode_engine=v8',
gyp info spawn args '--depth=.',
gyp info spawn args '--no-parallel',
gyp info spawn args '--generator-output',
gyp info spawn args 'build',
gyp info spawn args '-Goutput_dir=.'
gyp info spawn args ]
gyp info spawn make
gyp info spawn args [ 'BUILDTYPE=Release', '-C', 'build' ]
make: Entering directory '/home/me/dev/js/sql/v8/node_modules/msnodesqlv8/build'
  ACTION binding_gyp_sqlserver_target_print_variables src/Connection.cpp
cflags_cpp -std=c++20 -fexceptions | arch: x86_64 | link_path: -L/usr/local/lib -L/home/linuxbrew/.linuxbrew/lib/ -L/usr/lib -L/usr/lib64 -L. | msodbc_include_folders /opt/microsoft/msodbcsql18/include/ /home/linuxbrew/.linuxbrew/include/ /home/linuxbrew/.linuxbrew/include/ | fileset src/Connection.cpp src/Logger.cpp src/datum_storage.cpp src/js_object_mapper.cpp src/js_param.cpp src/js_time_adapter.cpp src/module.cpp src/odbc_connection.cpp src/parameter_factory.cpp src/parameter_set.cpp src/query_parameter.cpp src/time_utils.cpp
  CXX(target) Release/obj.target/sqlserver/src/Connection.o
In file included from ../src/Connection.h:2,
                 from ../src/Connection.cpp:2:
../node_modules/node-addon-api/napi.h:2477:60: error: expected unqualified-id before ‘)’ token
 2477 |     TypedThreadSafeFunction<ContextType, DataType, CallJs>();
      |                                                            ^
../node_modules/node-addon-api/napi.h:2479:33: error: expected ‘)’ before ‘tsFunctionValue’
 2479 |         napi_threadsafe_function tsFunctionValue);
      |                                 ^~~~~~~~~~~~~~~~
      |                                 )
../node_modules/node-addon-api/napi.h:2478:59: note: to match this ‘(’
 2478 |     TypedThreadSafeFunction<ContextType, DataType, CallJs>(
      |                                                           ^
In file included from ../node_modules/node-addon-api/napi.h:2725,
                 from ../src/Connection.h:2,
                 from ../src/Connection.cpp:2:
../node_modules/node-addon-api/napi-inl.h:4764:8: error: no declaration matches ‘Napi::TypedThreadSafeFunction<ContextType, DataType, CallJs>::TypedThreadSafeFunction()’
 4764 | inline TypedThreadSafeFunction<ContextType, DataType, CallJs>::
      |        ^~~~~~~~~~~~~~~~~~~~~~~~~~~~~~~~~~~~~~~~~~~~~~~~~~~~~~
../node_modules/node-addon-api/napi-inl.h:4764:8: note: no functions named ‘Napi::TypedThreadSafeFunction<ContextType, DataType, CallJs>::TypedThreadSafeFunction()’
In file included from ../src/Connection.h:2,
                 from ../src/Connection.cpp:2:
../node_modules/node-addon-api/napi.h:2347:9: note: ‘class Napi::TypedThreadSafeFunction<ContextType, DataType, CallJs>’ defined here
 2347 |   class TypedThreadSafeFunction {
      |         ^~~~~~~~~~~~~~~~~~~~~~~
In file included from ../node_modules/node-addon-api/napi.h:2725,
                 from ../src/Connection.h:2,
                 from ../src/Connection.cpp:2:
../node_modules/node-addon-api/napi-inl.h:4771:8: error: no declaration matches ‘Napi::TypedThreadSafeFunction<ContextType, DataType, CallJs>::TypedThreadSafeFunction(napi_threadsafe_function)’
 4771 | inline TypedThreadSafeFunction<ContextType, DataType, CallJs>::
      |        ^~~~~~~~~~~~~~~~~~~~~~~~~~~~~~~~~~~~~~~~~~~~~~~~~~~~~~
../node_modules/node-addon-api/napi-inl.h:4771:8: note: no functions named ‘Napi::TypedThreadSafeFunction<ContextType, DataType, CallJs>::TypedThreadSafeFunction(napi_threadsafe_function)’
In file included from ../src/Connection.h:2,
                 from ../src/Connection.cpp:2:
../node_modules/node-addon-api/napi.h:2347:9: note: ‘class Napi::TypedThreadSafeFunction<ContextType, DataType, CallJs>’ defined here
 2347 |   class TypedThreadSafeFunction {
      |         ^~~~~~~~~~~~~~~~~~~~~~~
../src/Connection.cpp: In constructor ‘mssql::QueryWorker::QueryWorker(Napi::Function&, mssql::OdbcConnection*, const string&, const Napi::Array&)’:
../src/Connection.cpp:370:24: warning: unused variable ‘length’ [-Wunused-variable]
  370 |         const uint32_t length = params.Length();
      |                        ^~~~~~
../src/Connection.cpp: In member function ‘Napi::Object mssql::QueryResult::toJSObject(Napi::Env) const’:
../src/Connection.cpp:436:19: error: no matching function for call to ‘Napi::Object::Set(const char [5], Napi::Array&) const’
  436 |         result.Set("meta", meta);
      |         ~~~~~~~~~~^~~~~~~~~~~~~~
In file included from ../src/Connection.h:2,
                 from ../src/Connection.cpp:2:
../node_modules/node-addon-api/napi.h:678:10: note: candidate: ‘template<class ValueType> bool Napi::Object::Set(napi_value, const ValueType&)’
  678 |     bool Set(napi_value key,         ///< Property key primitive
      |          ^~~
../node_modules/node-addon-api/napi.h:678:10: note:   template argument deduction/substitution failed:
../src/Connection.cpp:436:20: note:   cannot convert ‘"meta"’ (type ‘const char [5]’) to type ‘napi_value’ {aka ‘napi_value__*’}
  436 |         result.Set("meta", meta);
      |                    ^~~~~~
In file included from ../src/Connection.h:2,
                 from ../src/Connection.cpp:2:
../node_modules/node-addon-api/napi.h:684:10: note: candidate: ‘template<class ValueType> bool Napi::Object::Set(Napi::Value, const ValueType&)’
  684 |     bool Set(Value key,              ///< Property key
      |          ^~~
../node_modules/node-addon-api/napi.h:684:10: note:   template argument deduction/substitution failed:
../src/Connection.cpp:436:20: note:   cannot convert ‘"meta"’ (type ‘const char [5]’) to type ‘Napi::Value’
  436 |         result.Set("meta", meta);
      |                    ^~~~~~
In file included from ../node_modules/node-addon-api/napi.h:2725,
                 from ../src/Connection.h:2,
                 from ../src/Connection.cpp:2:
../node_modules/node-addon-api/napi-inl.h:1255:13: note: candidate: ‘bool Napi::Object::Set(const char*, const ValueType&) [with ValueType = Napi::Array]’ (near match)
 1255 | inline bool Object::Set(const char* utf8name, const ValueType& value) {
      |             ^~~~~~
../node_modules/node-addon-api/napi-inl.h:1255:13: note:   passing ‘const Napi::Object*’ as ‘this’ argument discards qualifiers
../node_modules/node-addon-api/napi-inl.h:1263:13: note: candidate: ‘bool Napi::Object::Set(const string&, const ValueType&) [with ValueType = Napi::Array; std::string = std::__cxx11::basic_string<char>]’ (near match)
 1263 | inline bool Object::Set(const std::string& utf8name, const ValueType& value) {
      |             ^~~~~~
../node_modules/node-addon-api/napi-inl.h:1263:13: note:   passing ‘const Napi::Object*’ as ‘this’ argument discards qualifiers
../node_modules/node-addon-api/napi-inl.h:1304:13: note: candidate: ‘template<class ValueType> bool Napi::Object::Set(uint32_t, const ValueType&)’
 1304 | inline bool Object::Set(uint32_t index, const ValueType& value) {
      |             ^~~~~~
../node_modules/node-addon-api/napi-inl.h:1304:13: note:   template argument deduction/substitution failed:
../src/Connection.cpp:436:20: note:   cannot convert ‘"meta"’ (type ‘const char [5]’) to type ‘uint32_t’ {aka ‘unsigned int’}
  436 |         result.Set("meta", meta);
      |                    ^~~~~~
../src/Connection.cpp:449:19: error: no matching function for call to ‘Napi::Object::Set(const char [5], Napi::Array&) const’
  449 |         result.Set("rows", rowsArray);
      |         ~~~~~~~~~~^~~~~~~~~~~~~~~~~~~
In file included from ../src/Connection.h:2,
                 from ../src/Connection.cpp:2:
../node_modules/node-addon-api/napi.h:678:10: note: candidate: ‘template<class ValueType> bool Napi::Object::Set(napi_value, const ValueType&)’
  678 |     bool Set(napi_value key,         ///< Property key primitive
      |          ^~~
../node_modules/node-addon-api/napi.h:678:10: note:   template argument deduction/substitution failed:
../src/Connection.cpp:449:20: note:   cannot convert ‘"rows"’ (type ‘const char [5]’) to type ‘napi_value’ {aka ‘napi_value__*’}
  449 |         result.Set("rows", rowsArray);
      |                    ^~~~~~
In file included from ../src/Connection.h:2,
                 from ../src/Connection.cpp:2:
../node_modules/node-addon-api/napi.h:684:10: note: candidate: ‘template<class ValueType> bool Napi::Object::Set(Napi::Value, const ValueType&)’
  684 |     bool Set(Value key,              ///< Property key
      |          ^~~
../node_modules/node-addon-api/napi.h:684:10: note:   template argument deduction/substitution failed:
../src/Connection.cpp:449:20: note:   cannot convert ‘"rows"’ (type ‘const char [5]’) to type ‘Napi::Value’
  449 |         result.Set("rows", rowsArray);
      |                    ^~~~~~
In file included from ../node_modules/node-addon-api/napi.h:2725,
                 from ../src/Connection.h:2,
                 from ../src/Connection.cpp:2:
../node_modules/node-addon-api/napi-inl.h:1255:13: note: candidate: ‘bool Napi::Object::Set(const char*, const ValueType&) [with ValueType = Napi::Array]’ (near match)
 1255 | inline bool Object::Set(const char* utf8name, const ValueType& value) {
      |             ^~~~~~
../node_modules/node-addon-api/napi-inl.h:1255:13: note:   passing ‘const Napi::Object*’ as ‘this’ argument discards qualifiers
../node_modules/node-addon-api/napi-inl.h:1263:13: note: candidate: ‘bool Napi::Object::Set(const string&, const ValueType&) [with ValueType = Napi::Array; std::string = std::__cxx11::basic_string<char>]’ (near match)
 1263 | inline bool Object::Set(const std::string& utf8name, const ValueType& value) {
      |             ^~~~~~
../node_modules/node-addon-api/napi-inl.h:1263:13: note:   passing ‘const Napi::Object*’ as ‘this’ argument discards qualifiers
../node_modules/node-addon-api/napi-inl.h:1304:13: note: candidate: ‘template<class ValueType> bool Napi::Object::Set(uint32_t, const ValueType&)’
 1304 | inline bool Object::Set(uint32_t index, const ValueType& value) {
      |             ^~~~~~
../node_modules/node-addon-api/napi-inl.h:1304:13: note:   template argument deduction/substitution failed:
../src/Connection.cpp:449:20: note:   cannot convert ‘"rows"’ (type ‘const char [5]’) to type ‘uint32_t’ {aka ‘unsigned int’}
  449 |         result.Set("rows", rowsArray);
      |                    ^~~~~~
make: *** [sqlserver.target.mk:156: Release/obj.target/sqlserver/src/Connection.o] Error 1
make: Leaving directory '/home/me/dev/js/sql/v8/node_modules/msnodesqlv8/build'
gyp ERR! build error 
gyp ERR! stack Error: `make` failed with exit code: 2
gyp ERR! stack at ChildProcess.<anonymous> (/home/me/dev/js/sql/v8/node_modules/msnodesqlv8/node_modules/node-gyp/lib/build.js:216:23)
gyp ERR! System Linux 5.15.167.4-microsoft-standard-WSL2
gyp ERR! command "/home/me/.nvm/versions/node/v22.15.0/bin/node" "/home/me/dev/js/sql/v8/node_modules/msnodesqlv8/node_modules/.bin/node-gyp" "rebuild" "--Debug"
gyp ERR! cwd /home/me/dev/js/sql/v8/node_modules/msnodesqlv8
gyp ERR! node -v v22.15.0
gyp ERR! node-gyp -v v11.0.0
gyp ERR! not ok 
